  arcball.cpp
  CBoss.cpp
  CBossShape.cpp
  CBullet.cpp
  CBulletList.cpp
  CCircle.cpp
  CCloud.cpp
  CEnemy.cpp
C:\Users\user\Desktop\academical\計算機圖學\OpenGL_HomeWork_1\OpenGL_HomeWork_1\common\CEnemy.cpp(7,12): warning C4305: '=': 從 'double' 轉換為 'float'，是由較大的類型轉換為較小的類型，可能導致資料遺失
  CEnemyBullet.cpp
  CEnemyBulletList.cpp
  CEnemyManager.cpp
  CEnemyShape.cpp
  CEnemyShape_Bat.cpp
  CEnemyShape_Boxy.cpp
  CEnemyShape_Slime.cpp
  CEnemy_Bat.cpp
  CEnemy_Boxy.cpp
  CEnemy_Slime.cpp
  CEnvironmentManager.cpp
C:\Users\user\Desktop\academical\計算機圖學\OpenGL_HomeWork_1\OpenGL_HomeWork_1\common\CEnvironmentManager.cpp(32,20): warning C4018: '<': signed/unsigned 不相符
  CHex.cpp
  正在編譯...
  CPlayer.cpp
  CPlayerShape.cpp
C:\Users\user\Desktop\academical\計算機圖學\OpenGL_HomeWork_1\OpenGL_HomeWork_1\common\CPlayerShape.cpp(102,39): warning C4018: '<': signed/unsigned 不相符
  CQuad.cpp
  CShaderPool.cpp
  CShape.cpp
  CStar.cpp
  CTrapezoid.cpp
  CTriangle.cpp
  initShader.cpp
  wmhandler.cpp
C:\Users\user\Desktop\academical\計算機圖學\OpenGL_HomeWork_1\OpenGL_HomeWork_1\common\wmhandler.cpp(64,21): warning C4244: '正在初始化': 將 'double' 轉換為 'float'，由於類型不同，可能導致資料遺失
C:\Users\user\Desktop\academical\計算機圖學\OpenGL_HomeWork_1\OpenGL_HomeWork_1\common\wmhandler.cpp(65,21): warning C4244: '正在初始化': 將 'double' 轉換為 'float'，由於類型不同，可能導致資料遺失
  Main.cpp
  正在產生程式碼
  Previous IPDB not found, fall back to full compilation.
  All 855 functions were compiled because no usable IPDB/IOBJ from previous compilation was found.
  已完成程式碼產生
  OpenGL_HomeWork_1.vcxproj -> C:\Users\user\Desktop\academical\計算機圖學\OpenGL_HomeWork_1\Release\OpenGL_HomeWork_1.exe
